# JRE version: Java(TM) SE Runtime Environment (8.0_101-b13) (build 1.8.0_101-b13)
# Java VM: Java HotSpot(TM) 64-Bit Server VM (25.101-b13 mixed mode windows-amd64 compressed oops)
Heap:
 PSYoungGen      total 254464K, used 96954K [0x000000076b300000, 0x000000077ed00000, 0x00000007c0000000)
  eden space 235520K, 41% used [0x000000076b300000,0x00000007711aea50,0x0000000779900000)
  from space 18944K, 0% used [0x0000000779900000,0x0000000779900000,0x000000077ab80000)
  to   space 19968K, 0% used [0x000000077d980000,0x000000077d980000,0x000000077ed00000)
 ParOldGen       total 212992K, used 26532K [0x00000006c1800000, 0x00000006ce800000, 0x000000076b300000)
  object space 212992K, 12% used [0x00000006c1800000,0x00000006c31e9330,0x00000006ce800000)
 Metaspace       used 64403K, capacity 67194K, committed 67328K, reserved 1107968K
  class space    used 8967K, capacity 9444K, committed 9472K, reserved 1048576K
GC Heap History (10 events):
Event: 3.114 GC heap before
{Heap before GC invocations=8 (full 1):
 PSYoungGen      total 168448K, used 36291K [0x000000076b300000, 0x0000000778800000, 0x00000007c0000000)
  eden space 155136K, 15% used [0x000000076b300000,0x000000076ca782d0,0x0000000774a80000)
  from space 13312K, 92% used [0x0000000775900000,0x00000007764f8b70,0x0000000776600000)
  to   space 14848K, 0% used [0x0000000774a80000,0x0000000774a80000,0x0000000775900000)
 ParOldGen       total 101888K, used 7990K [0x00000006c1800000, 0x00000006c7b80000, 0x000000076b300000)
  object space 101888K, 7% used [0x00000006c1800000,0x00000006c1fcda60,0x00000006c7b80000)
 Metaspace       used 33800K, capacity 35458K, committed 35496K, reserved 1079296K
  class space    used 4499K, capacity 4850K, committed 4864K, reserved 1048576K
Event: 3.123 GC heap after
Heap after GC invocations=8 (full 1):
 PSYoungGen      total 169984K, used 12656K [0x000000076b300000, 0x000000077be00000, 0x00000007c0000000)
  eden space 155136K, 0% used [0x000000076b300000,0x000000076b300000,0x0000000774a80000)
  from space 14848K, 85% used [0x0000000774a80000,0x00000007756dc0e8,0x0000000775900000)
  to   space 16384K, 0% used [0x000000077ae00000,0x000000077ae00000,0x000000077be00000)
 ParOldGen       total 101888K, used 7998K [0x00000006c1800000, 0x00000006c7b80000, 0x000000076b300000)
  object space 101888K, 7% used [0x00000006c1800000,0x00000006c1fcfa60,0x00000006c7b80000)
 Metaspace       used 33800K, capacity 35458K, committed 35496K, reserved 1079296K
  class space    used 4499K, capacity 4850K, committed 4864K, reserved 1048576K
}
Event: 3.123 GC heap before
{Heap before GC invocations=9 (full 2):
 PSYoungGen      total 169984K, used 12656K [0x000000076b300000, 0x000000077be00000, 0x00000007c0000000)
  eden space 155136K, 0% used [0x000000076b300000,0x000000076b300000,0x0000000774a80000)
  from space 14848K, 85% used [0x0000000774a80000,0x00000007756dc0e8,0x0000000775900000)
  to   space 16384K, 0% used [0x000000077ae00000,0x000000077ae00000,0x000000077be00000)
 ParOldGen       total 101888K, used 7998K [0x00000006c1800000, 0x00000006c7b80000, 0x000000076b300000)
  object space 101888K, 7% used [0x00000006c1800000,0x00000006c1fcfa60,0x00000006c7b80000)
 Metaspace       used 33800K, capacity 35458K, committed 35496K, reserved 1079296K
  class space    used 4499K, capacity 4850K, committed 4864K, reserved 1048576K
Event: 3.166 GC heap after
Heap after GC invocations=9 (full 2):
 PSYoungGen      total 169984K, used 0K [0x000000076b300000, 0x000000077be00000, 0x00000007c0000000)
  eden space 155136K, 0% used [0x000000076b300000,0x000000076b300000,0x0000000774a80000)
  from space 14848K, 0% used [0x0000000774a80000,0x0000000774a80000,0x0000000775900000)
  to   space 16384K, 0% used [0x000000077ae00000,0x000000077ae00000,0x000000077be00000)
 ParOldGen       total 158208K, used 17380K [0x00000006c1800000, 0x00000006cb280000, 0x000000076b300000)
  object space 158208K, 10% used [0x00000006c1800000,0x00000006c28f90a0,0x00000006cb280000)
 Metaspace       used 33800K, capacity 35458K, committed 35496K, reserved 1079296K
  class space    used 4499K, capacity 4850K, committed 4864K, reserved 1048576K
}
Event: 4.433 GC heap before
{Heap before GC invocations=10 (full 2):
 PSYoungGen      total 169984K, used 155136K [0x000000076b300000, 0x000000077be00000, 0x00000007c0000000)
  eden space 155136K, 100% used [0x000000076b300000,0x0000000774a80000,0x0000000774a80000)
  from space 14848K, 0% used [0x0000000774a80000,0x0000000774a80000,0x0000000775900000)
  to   space 16384K, 0% used [0x000000077ae00000,0x000000077ae00000,0x000000077be00000)
 ParOldGen       total 158208K, used 17380K [0x00000006c1800000, 0x00000006cb280000, 0x000000076b300000)
  object space 158208K, 10% used [0x00000006c1800000,0x00000006c28f90a0,0x00000006cb280000)
 Metaspace       used 49895K, capacity 51784K, committed 51968K, reserved 1093632K
  class space    used 7002K, capacity 7393K, committed 7424K, reserved 1048576K
Event: 4.445 GC heap after
Heap after GC invocations=10 (full 2):
 PSYoungGen      total 243712K, used 16373K [0x000000076b300000, 0x000000077be00000, 0x00000007c0000000)
  eden space 227328K, 0% used [0x000000076b300000,0x000000076b300000,0x0000000779100000)
  from space 16384K, 99% used [0x000000077ae00000,0x000000077bdfd770,0x000000077be00000)
  to   space 18944K, 0% used [0x0000000779900000,0x0000000779900000,0x000000077ab80000)
 ParOldGen       total 158208K, used 17782K [0x00000006c1800000, 0x00000006cb280000, 0x000000076b300000)
  object space 158208K, 11% used [0x00000006c1800000,0x00000006c295d868,0x00000006cb280000)
 Metaspace       used 49895K, capacity 51784K, committed 51968K, reserved 1093632K
  class space    used 7002K, capacity 7393K, committed 7424K, reserved 1048576K
}
Event: 28.166 GC heap before
{Heap before GC invocations=11 (full 2):
 PSYoungGen      total 243712K, used 166563K [0x000000076b300000, 0x000000077be00000, 0x00000007c0000000)
  eden space 227328K, 66% used [0x000000076b300000,0x00000007745ab560,0x0000000779100000)
  from space 16384K, 99% used [0x000000077ae00000,0x000000077bdfd770,0x000000077be00000)
  to   space 18944K, 0% used [0x0000000779900000,0x0000000779900000,0x000000077ab80000)
 ParOldGen       total 158208K, used 17782K [0x00000006c1800000, 0x00000006cb280000, 0x000000076b300000)
  object space 158208K, 11% used [0x00000006c1800000,0x00000006c295d868,0x00000006cb280000)
 Metaspace       used 56441K, capacity 59096K, committed 59136K, reserved 1099776K
  class space    used 7932K, capacity 8427K, committed 8448K, reserved 1048576K
Event: 28.176 GC heap after
Heap after GC invocations=11 (full 2):
 PSYoungGen      total 254464K, used 14339K [0x000000076b300000, 0x000000077ed00000, 0x00000007c0000000)
  eden space 235520K, 0% used [0x000000076b300000,0x000000076b300000,0x0000000779900000)
  from space 18944K, 75% used [0x0000000779900000,0x000000077a700d08,0x000000077ab80000)
  to   space 19968K, 0% used [0x000000077d980000,0x000000077d980000,0x000000077ed00000)
 ParOldGen       total 158208K, used 17790K [0x00000006c1800000, 0x00000006cb280000, 0x000000076b300000)
  object space 158208K, 11% used [0x00000006c1800000,0x00000006c295f868,0x00000006cb280000)
 Metaspace       used 56441K, capacity 59096K, committed 59136K, reserved 1099776K
  class space    used 7932K, capacity 8427K, committed 8448K, reserved 1048576K
}
Event: 28.176 GC heap before
{Heap before GC invocations=12 (full 3):
 PSYoungGen      total 254464K, used 14339K [0x000000076b300000, 0x000000077ed00000, 0x00000007c0000000)
  eden space 235520K, 0% used [0x000000076b300000,0x000000076b300000,0x0000000779900000)
  from space 18944K, 75% used [0x0000000779900000,0x000000077a700d08,0x000000077ab80000)
  to   space 19968K, 0% used [0x000000077d980000,0x000000077d980000,0x000000077ed00000)
 ParOldGen       total 158208K, used 17790K [0x00000006c1800000, 0x00000006cb280000, 0x000000076b300000)
  object space 158208K, 11% used [0x00000006c1800000,0x00000006c295f868,0x00000006cb280000)
 Metaspace       used 56441K, capacity 59096K, committed 59136K, reserved 1099776K
  class space    used 7932K, capacity 8427K, committed 8448K, reserved 1048576K
Event: 28.325 GC heap after
Heap after GC invocations=12 (full 3):
 PSYoungGen      total 254464K, used 0K [0x000000076b300000, 0x000000077ed00000, 0x00000007c0000000)
  eden space 235520K, 0% used [0x000000076b300000,0x000000076b300000,0x0000000779900000)
  from space 18944K, 0% used [0x0000000779900000,0x0000000779900000,0x000000077ab80000)
  to   space 19968K, 0% used [0x000000077d980000,0x000000077d980000,0x000000077ed00000)
 ParOldGen       total 212992K, used 26532K [0x00000006c1800000, 0x00000006ce800000, 0x000000076b300000)
  object space 212992K, 12% used [0x00000006c1800000,0x00000006c31e9330,0x00000006ce800000)
 Metaspace       used 56441K, capacity 59096K, committed 59136K, reserved 1099776K
  class space    used 7932K, capacity 8427K, committed 8448K, reserved 1048576K
}

